<?xml version="1.0" encoding="UTF-8"?>
<!-- Generated by org.testng.reporters.JUnitReportReporter -->
<testsuite hostname="DESKTOP-MG9B9KT" failures="0" tests="10" name="com.mindtree.runner.Runner" time="246.905" errors="0" timestamp="2021-11-23T20:50:02 IST" skipped="0">
  <testcase classname="com.mindtree.runner.Runner" name="runScenario" time="15.631"/>
  <testcase classname="com.mindtree.runner.Runner" name="runScenario" time="27.007"/>
  <testcase classname="com.mindtree.runner.Runner" name="runScenario" time="25.657"/>
  <testcase classname="com.mindtree.runner.Runner" name="runScenario" time="21.027"/>
  <testcase classname="com.mindtree.runner.Runner" name="runScenario" time="24.338"/>
  <testcase classname="com.mindtree.runner.Runner" name="runScenario" time="25.406"/>
  <testcase classname="com.mindtree.runner.Runner" name="runScenario" time="26.593"/>
  <testcase classname="com.mindtree.runner.Runner" name="runScenario" time="25.316"/>
  <testcase classname="com.mindtree.runner.Runner" name="runScenario" time="29.618"/>
  <testcase classname="com.mindtree.runner.Runner" name="runScenario" time="26.312"/>
</testsuite> <!-- com.mindtree.runner.Runner -->
