<?xml version="1.0" encoding="UTF-8"?>
<!-- Generated by org.testng.reporters.JUnitReportReporter -->
<testsuite hostname="DESKTOP-MG9B9KT" failures="0" tests="10" name="com.mindtree.runner.Runner" time="265.156" errors="0" timestamp="2021-11-24T11:37:00 IST" skipped="0">
  <testcase classname="com.mindtree.runner.Runner" name="runScenario" time="30.716"/>
  <testcase classname="com.mindtree.runner.Runner" name="runScenario" time="26.671"/>
  <testcase classname="com.mindtree.runner.Runner" name="runScenario" time="29.926"/>
  <testcase classname="com.mindtree.runner.Runner" name="runScenario" time="27.272"/>
  <testcase classname="com.mindtree.runner.Runner" name="runScenario" time="16.805"/>
  <testcase classname="com.mindtree.runner.Runner" name="runScenario" time="26.383"/>
  <testcase classname="com.mindtree.runner.Runner" name="runScenario" time="26.836"/>
  <testcase classname="com.mindtree.runner.Runner" name="runScenario" time="27.621"/>
  <testcase classname="com.mindtree.runner.Runner" name="runScenario" time="26.429"/>
  <testcase classname="com.mindtree.runner.Runner" name="runScenario" time="26.497"/>
</testsuite> <!-- com.mindtree.runner.Runner -->
